<?xml version="1.0" encoding="UTF-8"?>
<testsuite xmlns:xsi="http://www.w3.org/2001/XMLSchema-instance" xsi:noNamespaceSchemaLocation="https://maven.apache.org/surefire/maven-surefire-plugin/xsd/surefire-test-report-3.0.xsd" version="3.0" name="driverFactory.AppTest" time="46.909" tests="1" errors="0" skipped="0" failures="0">
  <properties>
[...]
</properties>
  <testcase name="kickStart" classname="driverFactory.AppTest" time="46.522">
    <system-out><![CDATA[Title is Not Matching expected [Dashboard « Stock Accounting ] but found [Dashboard « Stock Accounting]
Stock-000001635        Stock-000001635
Title is Not Matching expected [Dashboard « Stock Accounting ] but found [Dashboard « Stock Accounting]
Supplier-00000003471        Supplier-00000003471
Title is Not Matching expected [Dashboard « Stock Accounting ] but found [Dashboard « Stock Accounting]
Customer-00000006268        Customer-00000006268
]]></system-out>
    <system-err><![CDATA[SLF4J: Failed to load class "org.slf4j.impl.StaticLoggerBinder".
SLF4J: Defaulting to no-operation (NOP) logger implementation
SLF4J: See http://www.slf4j.org/codes.html#StaticLoggerBinder for further details.
ERROR StatusLogger Log4j2 could not find a logging implementation. Please add log4j-core to the classpath. Using SimpleLogger to log to the console...
May 29, 2024 3:48:04 PM org.openqa.selenium.devtools.CdpVersionFinder findNearestMatch
WARNING: Unable to find an exact match for CDP version 125, returning the closest version; found: 121; Please update to a Selenium version that supports CDP version 125
May 29, 2024 3:48:09 PM org.openqa.selenium.devtools.CdpVersionFinder findNearestMatch
WARNING: Unable to find an exact match for CDP version 125, returning the closest version; found: 121; Please update to a Selenium version that supports CDP version 125
May 29, 2024 3:48:22 PM org.openqa.selenium.devtools.CdpVersionFinder findNearestMatch
WARNING: Unable to find an exact match for CDP version 125, returning the closest version; found: 121; Please update to a Selenium version that supports CDP version 125
May 29, 2024 3:48:36 PM org.openqa.selenium.devtools.CdpVersionFinder findNearestMatch
WARNING: Unable to find an exact match for CDP version 125, returning the closest version; found: 121; Please update to a Selenium version that supports CDP version 125
]]></system-err>
  </testcase>
</testsuite>