<?xml version="1.0" encoding="UTF-8"?>
<testng-results ignored="0" total="1" passed="1" failed="0" skipped="0">
  <reporter-output>
    <line>
      <![CDATA[Stock-000001635        Stock-000001635]]>
    </line>
    <line>
      <![CDATA[Supplier-00000003471        Supplier-00000003471]]>
    </line>
    <line>
      <![CDATA[Customer-00000006268        Customer-00000006268]]>
    </line>
  </reporter-output>
  <suite started-at="2024-05-29T15:48:02 IST" name="Surefire suite" finished-at="2024-05-29T15:48:48 IST" duration-ms="46558">
    <groups>
    </groups>
    <test started-at="2024-05-29T15:48:02 IST" name="Surefire test" finished-at="2024-05-29T15:48:48 IST" duration-ms="46558">
      <class name="driverFactory.AppTest">
        <test-method signature="kickStart()[pri:0, instance:driverFactory.AppTest@79efed2d]" started-at="2024-05-29T15:48:02 IST" name="kickStart" finished-at="2024-05-29T15:48:48 IST" duration-ms="46519" status="PASS">
          <reporter-output>
            <line>
              <![CDATA[Stock-000001635        Stock-000001635]]>
            </line>
            <line>
              <![CDATA[Supplier-00000003471        Supplier-00000003471]]>
            </line>
            <line>
              <![CDATA[Customer-00000006268        Customer-00000006268]]>
            </line>
          </reporter-output>
        </test-method> <!-- kickStart -->
      </class> <!-- driverFactory.AppTest -->
    </test> <!-- Surefire test -->
  </suite> <!-- Surefire suite -->
</testng-results>
